<?xml version="1.0" encoding="UTF-8"?>
<!-- Generated by org.testng.reporters.JUnitReportReporter -->
<testsuite skipped="0" hostname="Kica-PC" name="Calculator.CalculatorTest" tests="3" failures="0" timestamp="2020-05-17T19:09:21 CEST" time="0.024" errors="0">
  <testcase name="getSetTest" time="0.019" classname="Calculator.CalculatorTest"/>
  <system-out/>
  <testcase name="testDiv" time="0.002" classname="Calculator.CalculatorTest"/>
  <system-out/>
  <testcase name="testAdd" time="0.003" classname="Calculator.CalculatorTest"/>
  <system-out/>
</testsuite> <!-- Calculator.CalculatorTest -->
