<?xml version="1.0" encoding="UTF-8"?>
<!-- Generated by org.testng.reporters.JUnitReportReporter -->
<testsuite skipped="7" hostname="Kica-PC" name="test.SignupTest" tests="8" failures="0" timestamp="2020-05-17T17:23:04 CEST" time="0.013" errors="1">
  <testcase name="testSignUp" time="0.000" classname="test.SignupTest">
    <skipped/>
  </testcase> <!-- testSignUp -->
  <system-out/>
  <testcase name="test2" time="0.000" classname="test.SignupTest">
    <skipped/>
  </testcase> <!-- test2 -->
  <system-out/>
  <testcase name="test4" time="0.000" classname="test.SignupTest">
    <skipped/>
  </testcase> <!-- test4 -->
  <system-out/>
  <testcase name="test5" time="0.000" classname="test.SignupTest">
    <skipped/>
  </testcase> <!-- test5 -->
  <system-out/>
  <testcase name="test1" time="0.000" classname="test.SignupTest">
    <skipped/>
  </testcase> <!-- test1 -->
  <system-out/>
  <testcase name="test3" time="0.000" classname="test.SignupTest">
    <skipped/>
  </testcase> <!-- test3 -->
  <system-out/>
  <testcase name="before" time="0.013" classname="test.SignupTest">
    <error type="java.lang.NullPointerException">
      <![CDATA[java.lang.NullPointerException
at test.SignupTest.before(SignupTest.java:23)
at sun.reflect.NativeMethodAccessorImpl.invoke0(Native Method)
at sun.reflect.NativeMethodAccessorImpl.invoke(Unknown Source)
at sun.reflect.DelegatingMethodAccessorImpl.invoke(Unknown Source)
at java.lang.reflect.Method.invoke(Unknown Source)
at org.testng.internal.MethodInvocationHelper.invokeMethod(MethodInvocationHelper.java:135)
at org.testng.internal.MethodInvocationHelper.invokeMethodConsideringTimeout(MethodInvocationHelper.java:64)
at org.testng.internal.ConfigInvoker.invokeConfigurationMethod(ConfigInvoker.java:364)
at org.testng.internal.ConfigInvoker.invokeConfigurations(ConfigInvoker.java:318)
at org.testng.internal.TestMethodWorker.invokeBeforeClassMethods(TestMethodWorker.java:176)
at org.testng.internal.TestMethodWorker.run(TestMethodWorker.java:122)
at java.util.ArrayList.forEach(Unknown Source)
at org.testng.TestRunner.privateRun(TestRunner.java:767)
at org.testng.TestRunner.run(TestRunner.java:588)
at org.testng.SuiteRunner.runTest(SuiteRunner.java:384)
at org.testng.SuiteRunner.runSequentially(SuiteRunner.java:378)
at org.testng.SuiteRunner.privateRun(SuiteRunner.java:337)
at org.testng.SuiteRunner.run(SuiteRunner.java:286)
at org.testng.SuiteRunnerWorker.runSuite(SuiteRunnerWorker.java:53)
at org.testng.SuiteRunnerWorker.run(SuiteRunnerWorker.java:96)
at org.testng.TestNG.runSuitesSequentially(TestNG.java:1214)
at org.testng.TestNG.runSuitesLocally(TestNG.java:1136)
at org.testng.TestNG.runSuites(TestNG.java:1066)
at org.testng.TestNG.run(TestNG.java:1034)
at org.testng.remote.AbstractRemoteTestNG.run(AbstractRemoteTestNG.java:115)
at org.testng.remote.RemoteTestNG.initAndRun(RemoteTestNG.java:251)
at org.testng.remote.RemoteTestNG.main(RemoteTestNG.java:77)
]]>
    </error>
  </testcase> <!-- before -->
  <system-out/>
  <testcase name="test6" time="0.000" classname="test.SignupTest">
    <skipped/>
  </testcase> <!-- test6 -->
  <system-out/>
</testsuite> <!-- test.SignupTest -->
